<?xml version="1.0" encoding="UTF-8"?>
<!-- Generated by org.testng.reporters.JUnitReportReporter -->
<testsuite hostname="dell-PC" name="com.demoaut.newtours.TestScripts.ValidateLogin" tests="1" failures="0" timestamp="30 Nov 2016 18:04:22 GMT" time="5.233" errors="0">
  <testcase name="validatelogin" time="5.233" classname="com.demoaut.newtours.TestScripts.ValidateLogin"/>
</testsuite> <!-- com.demoaut.newtours.TestScripts.ValidateLogin -->
