<?xml version="1.0" encoding="UTF-8"?>
<!-- Generated by org.testng.reporters.JUnitReportReporter -->
<testsuite hostname="dell-PC" name="com.demoaut.newtours.TestScripts.TicketBooking" tests="1" failures="0" timestamp="30 Nov 2016 18:09:44 GMT" time="11.529" errors="0">
  <testcase name="bookaflight" time="11.529" classname="com.demoaut.newtours.TestScripts.TicketBooking"/>
</testsuite> <!-- com.demoaut.newtours.TestScripts.TicketBooking -->
